Arguments: 
  D:\Tools\nodejs\node.exe D:\Tools\Yarn\bin\yarn.js install

PATH: 
  C:\Users\guoca\bin;D:\Tools\Git\mingw64\bin;D:\Tools\Git\usr\local\bin;D:\Tools\Git\usr\bin;D:\Tools\Git\usr\bin;D:\Tools\Git\mingw64\bin;D:\Tools\Git\usr\bin;C:\Users\guoca\bin;C:\ProgramData\Oracle\Java\javapath;C:\Windows\system32;C:\Windows;C:\Windows\System32\Wbem;C:\Windows\System32\WindowsPowerShell\v1.0;D:\Tools\nvm;D:\Tools\nodejs;D:\Tools\Git\cmd;D:\Tools\Yarn\bin;C:\Program Files\dotnet;D:\Tools\Python27;C:\Program Files\Microsoft SQL Server\130\Tools\Binn;D:\Tools\HashiCorp\Vagrant\bin;D:\Tools\php7.1;C:\ProgramData\ComposerSetup\bin;C:\Users\guoca\AppData\Local\Microsoft\WindowsApps;D:\Tools\nvm;D:\Tools\nodejs;D:\Tools\Microsoft VS Code\bin;C:\Users\guoca\AppData\Local\Yarn\bin;C:\Users\guoca\AppData\Roaming\Composer\vendor\bin;D:\Tools\Git\usr\bin\vendor_perl;D:\Tools\Git\usr\bin\core_perl

Yarn version: 
  1.5.1

Node version: 
  8.10.0

Platform: 
  win32 x64

npm manifest: 
  {
    "name": "node-js-getting-started",
    "version": "1.0.0",
    "private": true,
    "description": "A sample Node.js app using Express",
    "main": "server.js",
    "scripts": {
      "start": "node server.js",
      "dev": "nodemon server.js"
    },
    "dependencies": {
      "body-parser": "1.12.3",
      "connect-timeout": "^1.7.0",
      "cookie-parser": "^1.3.5",
      "ejs": "^2.3.1",
      "express": "4.12.3",
      "js-md5": "^0.4.2",
      "leanengine": "^2.0.0",
      "moment": "^2.20.1",
      "request": "^2.81.0"
    },
    "devDependencies": {
      "nodemon": "^1.11.0"
    },
    "engines": {
      "node": "6.x"
    }
  }

yarn manifest: 
  No manifest

Lockfile: 
  No lockfile

Trace: 
  Error: Found incompatible module
      at new MessageError (D:\Tools\Yarn\lib\cli.js:186:110)
      at Object.checkOne (D:\Tools\Yarn\lib\cli.js:62444:11)
      at D:\Tools\Yarn\lib\cli.js:22773:75
      at Generator.next (<anonymous>)
      at step (D:\Tools\Yarn\lib\cli.js:98:30)
      at D:\Tools\Yarn\lib\cli.js:116:14
      at new Promise (<anonymous>)
      at new F (D:\Tools\Yarn\lib\cli.js:23451:28)
      at D:\Tools\Yarn\lib\cli.js:95:12
      at D:\Tools\Yarn\lib\cli.js:22777:27
